  Bus.cpp
c:\users\astronb\source\repos\busapp\busappclr\busappclr\Bus.h(17): error C2653: BusAppCLR: не является именем класса или пространства имен
c:\users\astronb\source\repos\busapp\busappclr\busappclr\Bus.h(17): error C3861: checkStops: идентификатор не найден
c:\users\astronb\source\repos\busapp\busappclr\busappclr\Mainform.h(544): warning C4677: r1: сигнатура члена, не являющегося частным, содержит частный тип сборки "New_r"
  c:\users\astronb\source\repos\busapp\busappclr\busappclr\New_r.h(3): note:  см. объявление "New_r"
c:\users\astronb\source\repos\busapp\busappclr\busappclr\Mainform.h(547): warning C4677: buses: сигнатура члена, не являющегося частным, содержит частный тип сборки "Bus"
  c:\users\astronb\source\repos\busapp\busappclr\busappclr\Bus.h(3): note:  см. объявление "Bus"
c:\users\astronb\source\repos\busapp\busappclr\busappclr\Mainform.h(548): warning C4677: roads: сигнатура члена, не являющегося частным, содержит частный тип сборки "Road"
  c:\users\astronb\source\repos\busapp\busappclr\busappclr\Road.h(3): note:  см. объявление "Road"
Bus.cpp(20): warning C4244: аргумент: преобразование "time_t" в "unsigned int", возможна потеря данных
  MainForm.cpp
c:\users\astronb\source\repos\busapp\busappclr\busappclr\Bus.h(17): error C2653: BusAppCLR: не является именем класса или пространства имен
c:\users\astronb\source\repos\busapp\busappclr\busappclr\Bus.h(17): error C3861: checkStops: идентификатор не найден
c:\users\astronb\source\repos\busapp\busappclr\busappclr\MainForm.h(544): warning C4677: r1: сигнатура члена, не являющегося частным, содержит частный тип сборки "New_r"
  c:\users\astronb\source\repos\busapp\busappclr\busappclr\New_r.h(3): note:  см. объявление "New_r"
c:\users\astronb\source\repos\busapp\busappclr\busappclr\MainForm.h(547): warning C4677: buses: сигнатура члена, не являющегося частным, содержит частный тип сборки "Bus"
  c:\users\astronb\source\repos\busapp\busappclr\busappclr\Bus.h(3): note:  см. объявление "Bus"
c:\users\astronb\source\repos\busapp\busappclr\busappclr\MainForm.h(548): warning C4677: roads: сигнатура члена, не являющегося частным, содержит частный тип сборки "Road"
  c:\users\astronb\source\repos\busapp\busappclr\busappclr\Road.h(3): note:  см. объявление "Road"
  New_r.cpp
c:\users\astronb\source\repos\busapp\busappclr\busappclr\Bus.h(17): error C2653: BusAppCLR: не является именем класса или пространства имен
c:\users\astronb\source\repos\busapp\busappclr\busappclr\Bus.h(17): error C3861: checkStops: идентификатор не найден
  StationManagement.cpp
c:\users\astronb\source\repos\busapp\busappclr\busappclr\Bus.h(17): error C2653: BusAppCLR: не является именем класса или пространства имен
c:\users\astronb\source\repos\busapp\busappclr\busappclr\Bus.h(17): error C3861: checkStops: идентификатор не найден
c:\users\astronb\source\repos\busapp\busappclr\busappclr\MainForm.h(544): warning C4677: r1: сигнатура члена, не являющегося частным, содержит частный тип сборки "New_r"
  c:\users\astronb\source\repos\busapp\busappclr\busappclr\New_r.h(3): note:  см. объявление "New_r"
c:\users\astronb\source\repos\busapp\busappclr\busappclr\MainForm.h(547): warning C4677: buses: сигнатура члена, не являющегося частным, содержит частный тип сборки "Bus"
  c:\users\astronb\source\repos\busapp\busappclr\busappclr\Bus.h(3): note:  см. объявление "Bus"
c:\users\astronb\source\repos\busapp\busappclr\busappclr\MainForm.h(548): warning C4677: roads: сигнатура члена, не являющегося частным, содержит частный тип сборки "Road"
  c:\users\astronb\source\repos\busapp\busappclr\busappclr\Road.h(3): note:  см. объявление "Road"
  Создание кода...
